  Ball.cpp
  Block.cpp
e:\work\assignment work\box2dpuzzlegame\owlbox assigment 2 box2d\box2d owlpuzzlegame\assigment 2 box2d game\coursework 2 - starter\src\block.cpp(21): warning C4244: 'argument': conversion from 'double' to 'float', possible loss of data
  FileReader.cpp
  Game.cpp
e:\work\assignment work\box2dpuzzlegame\owlbox assigment 2 box2d\box2d owlpuzzlegame\assigment 2 box2d game\coursework 2 - starter\src\game.cpp(154): warning C4018: '<': signed/unsigned mismatch
e:\work\assignment work\box2dpuzzlegame\owlbox assigment 2 box2d\box2d owlpuzzlegame\assigment 2 box2d game\coursework 2 - starter\src\game.cpp(167): warning C4018: '<': signed/unsigned mismatch
  GameSensor.cpp
e:\work\assignment work\box2dpuzzlegame\owlbox assigment 2 box2d\box2d owlpuzzlegame\assigment 2 box2d game\coursework 2 - starter\src\gamesensor.cpp(15): warning C4244: 'argument': conversion from 'double' to 'float', possible loss of data
  listener.cpp
  main.cpp
  TextureManager.cpp
  UserInterface.cpp
  Generating Code...
e:\work\assignment work\box2dpuzzlegame\owlbox assigment 2 box2d\box2d owlpuzzlegame\assigment 2 box2d game\coursework 2 - starter\src\filereader.cpp(159): warning C4715: 'FileReader::getFileSensorPos': not all control paths return a value
e:\work\assignment work\box2dpuzzlegame\owlbox assigment 2 box2d\box2d owlpuzzlegame\assigment 2 box2d game\coursework 2 - starter\src\filereader.cpp(193): warning C4715: 'FileReader::getFileSensorScale': not all control paths return a value
Box2D.lib(b2BroadPhase.obj) : warning LNK4099: PDB 'Box2D.pdb' was not found with 'Box2D.lib(b2BroadPhase.obj)' or at 'E:\Work\Assignment Work\Box2DPuzzleGame\OwlBox Assigment 2 Box2D\Box2D OwlPuzzleGame\Assigment 2 Box2D Game\Debug\Box2D.pdb'; linking object as if no debug info
Box2D.lib(b2CollideCircle.obj) : warning LNK4099: PDB 'Box2D.pdb' was not found with 'Box2D.lib(b2CollideCircle.obj)' or at 'E:\Work\Assignment Work\Box2DPuzzleGame\OwlBox Assigment 2 Box2D\Box2D OwlPuzzleGame\Assigment 2 Box2D Game\Debug\Box2D.pdb'; linking object as if no debug info
Box2D.lib(b2CollideEdge.obj) : warning LNK4099: PDB 'Box2D.pdb' was not found with 'Box2D.lib(b2CollideEdge.obj)' or at 'E:\Work\Assignment Work\Box2DPuzzleGame\OwlBox Assigment 2 Box2D\Box2D OwlPuzzleGame\Assigment 2 Box2D Game\Debug\Box2D.pdb'; linking object as if no debug info
Box2D.lib(b2CollidePolygon.obj) : warning LNK4099: PDB 'Box2D.pdb' was not found with 'Box2D.lib(b2CollidePolygon.obj)' or at 'E:\Work\Assignment Work\Box2DPuzzleGame\OwlBox Assigment 2 Box2D\Box2D OwlPuzzleGame\Assigment 2 Box2D Game\Debug\Box2D.pdb'; linking object as if no debug info
Box2D.lib(b2Collision.obj) : warning LNK4099: PDB 'Box2D.pdb' was not found with 'Box2D.lib(b2Collision.obj)' or at 'E:\Work\Assignment Work\Box2DPuzzleGame\OwlBox Assigment 2 Box2D\Box2D OwlPuzzleGame\Assigment 2 Box2D Game\Debug\Box2D.pdb'; linking object as if no debug info
Box2D.lib(b2Distance.obj) : warning LNK4099: PDB 'Box2D.pdb' was not found with 'Box2D.lib(b2Distance.obj)' or at 'E:\Work\Assignment Work\Box2DPuzzleGame\OwlBox Assigment 2 Box2D\Box2D OwlPuzzleGame\Assigment 2 Box2D Game\Debug\Box2D.pdb'; linking object as if no debug info
Box2D.lib(b2DynamicTree.obj) : warning LNK4099: PDB 'Box2D.pdb' was not found with 'Box2D.lib(b2DynamicTree.obj)' or at 'E:\Work\Assignment Work\Box2DPuzzleGame\OwlBox Assigment 2 Box2D\Box2D OwlPuzzleGame\Assigment 2 Box2D Game\Debug\Box2D.pdb'; linking object as if no debug info
Box2D.lib(b2TimeOfImpact.obj) : warning LNK4099: PDB 'Box2D.pdb' was not found with 'Box2D.lib(b2TimeOfImpact.obj)' or at 'E:\Work\Assignment Work\Box2DPuzzleGame\OwlBox Assigment 2 Box2D\Box2D OwlPuzzleGame\Assigment 2 Box2D Game\Debug\Box2D.pdb'; linking object as if no debug info
Box2D.lib(b2ChainShape.obj) : warning LNK4099: PDB 'Box2D.pdb' was not found with 'Box2D.lib(b2ChainShape.obj)' or at 'E:\Work\Assignment Work\Box2DPuzzleGame\OwlBox Assigment 2 Box2D\Box2D OwlPuzzleGame\Assigment 2 Box2D Game\Debug\Box2D.pdb'; linking object as if no debug info
Box2D.lib(b2CircleShape.obj) : warning LNK4099: PDB 'Box2D.pdb' was not found with 'Box2D.lib(b2CircleShape.obj)' or at 'E:\Work\Assignment Work\Box2DPuzzleGame\OwlBox Assigment 2 Box2D\Box2D OwlPuzzleGame\Assigment 2 Box2D Game\Debug\Box2D.pdb'; linking object as if no debug info
Box2D.lib(b2EdgeShape.obj) : warning LNK4099: PDB 'Box2D.pdb' was not found with 'Box2D.lib(b2EdgeShape.obj)' or at 'E:\Work\Assignment Work\Box2DPuzzleGame\OwlBox Assigment 2 Box2D\Box2D OwlPuzzleGame\Assigment 2 Box2D Game\Debug\Box2D.pdb'; linking object as if no debug info
Box2D.lib(b2PolygonShape.obj) : warning LNK4099: PDB 'Box2D.pdb' was not found with 'Box2D.lib(b2PolygonShape.obj)' or at 'E:\Work\Assignment Work\Box2DPuzzleGame\OwlBox Assigment 2 Box2D\Box2D OwlPuzzleGame\Assigment 2 Box2D Game\Debug\Box2D.pdb'; linking object as if no debug info
Box2D.lib(b2BlockAllocator.obj) : warning LNK4099: PDB 'Box2D.pdb' was not found with 'Box2D.lib(b2BlockAllocator.obj)' or at 'E:\Work\Assignment Work\Box2DPuzzleGame\OwlBox Assigment 2 Box2D\Box2D OwlPuzzleGame\Assigment 2 Box2D Game\Debug\Box2D.pdb'; linking object as if no debug info
Box2D.lib(b2Draw.obj) : warning LNK4099: PDB 'Box2D.pdb' was not found with 'Box2D.lib(b2Draw.obj)' or at 'E:\Work\Assignment Work\Box2DPuzzleGame\OwlBox Assigment 2 Box2D\Box2D OwlPuzzleGame\Assigment 2 Box2D Game\Debug\Box2D.pdb'; linking object as if no debug info
Box2D.lib(b2Math.obj) : warning LNK4099: PDB 'Box2D.pdb' was not found with 'Box2D.lib(b2Math.obj)' or at 'E:\Work\Assignment Work\Box2DPuzzleGame\OwlBox Assigment 2 Box2D\Box2D OwlPuzzleGame\Assigment 2 Box2D Game\Debug\Box2D.pdb'; linking object as if no debug info
Box2D.lib(b2Settings.obj) : warning LNK4099: PDB 'Box2D.pdb' was not found with 'Box2D.lib(b2Settings.obj)' or at 'E:\Work\Assignment Work\Box2DPuzzleGame\OwlBox Assigment 2 Box2D\Box2D OwlPuzzleGame\Assigment 2 Box2D Game\Debug\Box2D.pdb'; linking object as if no debug info
Box2D.lib(b2StackAllocator.obj) : warning LNK4099: PDB 'Box2D.pdb' was not found with 'Box2D.lib(b2StackAllocator.obj)' or at 'E:\Work\Assignment Work\Box2DPuzzleGame\OwlBox Assigment 2 Box2D\Box2D OwlPuzzleGame\Assigment 2 Box2D Game\Debug\Box2D.pdb'; linking object as if no debug info
Box2D.lib(b2Timer.obj) : warning LNK4099: PDB 'Box2D.pdb' was not found with 'Box2D.lib(b2Timer.obj)' or at 'E:\Work\Assignment Work\Box2DPuzzleGame\OwlBox Assigment 2 Box2D\Box2D OwlPuzzleGame\Assigment 2 Box2D Game\Debug\Box2D.pdb'; linking object as if no debug info
Box2D.lib(b2Body.obj) : warning LNK4099: PDB 'Box2D.pdb' was not found with 'Box2D.lib(b2Body.obj)' or at 'E:\Work\Assignment Work\Box2DPuzzleGame\OwlBox Assigment 2 Box2D\Box2D OwlPuzzleGame\Assigment 2 Box2D Game\Debug\Box2D.pdb'; linking object as if no debug info
Box2D.lib(b2ContactManager.obj) : warning LNK4099: PDB 'Box2D.pdb' was not found with 'Box2D.lib(b2ContactManager.obj)' or at 'E:\Work\Assignment Work\Box2DPuzzleGame\OwlBox Assigment 2 Box2D\Box2D OwlPuzzleGame\Assigment 2 Box2D Game\Debug\Box2D.pdb'; linking object as if no debug info
Box2D.lib(b2Fixture.obj) : warning LNK4099: PDB 'Box2D.pdb' was not found with 'Box2D.lib(b2Fixture.obj)' or at 'E:\Work\Assignment Work\Box2DPuzzleGame\OwlBox Assigment 2 Box2D\Box2D OwlPuzzleGame\Assigment 2 Box2D Game\Debug\Box2D.pdb'; linking object as if no debug info
Box2D.lib(b2Island.obj) : warning LNK4099: PDB 'Box2D.pdb' was not found with 'Box2D.lib(b2Island.obj)' or at 'E:\Work\Assignment Work\Box2DPuzzleGame\OwlBox Assigment 2 Box2D\Box2D OwlPuzzleGame\Assigment 2 Box2D Game\Debug\Box2D.pdb'; linking object as if no debug info
Box2D.lib(b2World.obj) : warning LNK4099: PDB 'Box2D.pdb' was not found with 'Box2D.lib(b2World.obj)' or at 'E:\Work\Assignment Work\Box2DPuzzleGame\OwlBox Assigment 2 Box2D\Box2D OwlPuzzleGame\Assigment 2 Box2D Game\Debug\Box2D.pdb'; linking object as if no debug info
Box2D.lib(b2WorldCallbacks.obj) : warning LNK4099: PDB 'Box2D.pdb' was not found with 'Box2D.lib(b2WorldCallbacks.obj)' or at 'E:\Work\Assignment Work\Box2DPuzzleGame\OwlBox Assigment 2 Box2D\Box2D OwlPuzzleGame\Assigment 2 Box2D Game\Debug\Box2D.pdb'; linking object as if no debug info
Box2D.lib(b2ChainAndCircleContact.obj) : warning LNK4099: PDB 'Box2D.pdb' was not found with 'Box2D.lib(b2ChainAndCircleContact.obj)' or at 'E:\Work\Assignment Work\Box2DPuzzleGame\OwlBox Assigment 2 Box2D\Box2D OwlPuzzleGame\Assigment 2 Box2D Game\Debug\Box2D.pdb'; linking object as if no debug info
Box2D.lib(b2ChainAndPolygonContact.obj) : warning LNK4099: PDB 'Box2D.pdb' was not found with 'Box2D.lib(b2ChainAndPolygonContact.obj)' or at 'E:\Work\Assignment Work\Box2DPuzzleGame\OwlBox Assigment 2 Box2D\Box2D OwlPuzzleGame\Assigment 2 Box2D Game\Debug\Box2D.pdb'; linking object as if no debug info
Box2D.lib(b2CircleContact.obj) : warning LNK4099: PDB 'Box2D.pdb' was not found with 'Box2D.lib(b2CircleContact.obj)' or at 'E:\Work\Assignment Work\Box2DPuzzleGame\OwlBox Assigment 2 Box2D\Box2D OwlPuzzleGame\Assigment 2 Box2D Game\Debug\Box2D.pdb'; linking object as if no debug info
Box2D.lib(b2Contact.obj) : warning LNK4099: PDB 'Box2D.pdb' was not found with 'Box2D.lib(b2Contact.obj)' or at 'E:\Work\Assignment Work\Box2DPuzzleGame\OwlBox Assigment 2 Box2D\Box2D OwlPuzzleGame\Assigment 2 Box2D Game\Debug\Box2D.pdb'; linking object as if no debug info
Box2D.lib(b2ContactSolver.obj) : warning LNK4099: PDB 'Box2D.pdb' was not found with 'Box2D.lib(b2ContactSolver.obj)' or at 'E:\Work\Assignment Work\Box2DPuzzleGame\OwlBox Assigment 2 Box2D\Box2D OwlPuzzleGame\Assigment 2 Box2D Game\Debug\Box2D.pdb'; linking object as if no debug info
Box2D.lib(b2EdgeAndCircleContact.obj) : warning LNK4099: PDB 'Box2D.pdb' was not found with 'Box2D.lib(b2EdgeAndCircleContact.obj)' or at 'E:\Work\Assignment Work\Box2DPuzzleGame\OwlBox Assigment 2 Box2D\Box2D OwlPuzzleGame\Assigment 2 Box2D Game\Debug\Box2D.pdb'; linking object as if no debug info
Box2D.lib(b2EdgeAndPolygonContact.obj) : warning LNK4099: PDB 'Box2D.pdb' was not found with 'Box2D.lib(b2EdgeAndPolygonContact.obj)' or at 'E:\Work\Assignment Work\Box2DPuzzleGame\OwlBox Assigment 2 Box2D\Box2D OwlPuzzleGame\Assigment 2 Box2D Game\Debug\Box2D.pdb'; linking object as if no debug info
Box2D.lib(b2PolygonAndCircleContact.obj) : warning LNK4099: PDB 'Box2D.pdb' was not found with 'Box2D.lib(b2PolygonAndCircleContact.obj)' or at 'E:\Work\Assignment Work\Box2DPuzzleGame\OwlBox Assigment 2 Box2D\Box2D OwlPuzzleGame\Assigment 2 Box2D Game\Debug\Box2D.pdb'; linking object as if no debug info
Box2D.lib(b2PolygonContact.obj) : warning LNK4099: PDB 'Box2D.pdb' was not found with 'Box2D.lib(b2PolygonContact.obj)' or at 'E:\Work\Assignment Work\Box2DPuzzleGame\OwlBox Assigment 2 Box2D\Box2D OwlPuzzleGame\Assigment 2 Box2D Game\Debug\Box2D.pdb'; linking object as if no debug info
Box2D.lib(b2DistanceJoint.obj) : warning LNK4099: PDB 'Box2D.pdb' was not found with 'Box2D.lib(b2DistanceJoint.obj)' or at 'E:\Work\Assignment Work\Box2DPuzzleGame\OwlBox Assigment 2 Box2D\Box2D OwlPuzzleGame\Assigment 2 Box2D Game\Debug\Box2D.pdb'; linking object as if no debug info
Box2D.lib(b2FrictionJoint.obj) : warning LNK4099: PDB 'Box2D.pdb' was not found with 'Box2D.lib(b2FrictionJoint.obj)' or at 'E:\Work\Assignment Work\Box2DPuzzleGame\OwlBox Assigment 2 Box2D\Box2D OwlPuzzleGame\Assigment 2 Box2D Game\Debug\Box2D.pdb'; linking object as if no debug info
Box2D.lib(b2GearJoint.obj) : warning LNK4099: PDB 'Box2D.pdb' was not found with 'Box2D.lib(b2GearJoint.obj)' or at 'E:\Work\Assignment Work\Box2DPuzzleGame\OwlBox Assigment 2 Box2D\Box2D OwlPuzzleGame\Assigment 2 Box2D Game\Debug\Box2D.pdb'; linking object as if no debug info
Box2D.lib(b2Joint.obj) : warning LNK4099: PDB 'Box2D.pdb' was not found with 'Box2D.lib(b2Joint.obj)' or at 'E:\Work\Assignment Work\Box2DPuzzleGame\OwlBox Assigment 2 Box2D\Box2D OwlPuzzleGame\Assigment 2 Box2D Game\Debug\Box2D.pdb'; linking object as if no debug info
Box2D.lib(b2MotorJoint.obj) : warning LNK4099: PDB 'Box2D.pdb' was not found with 'Box2D.lib(b2MotorJoint.obj)' or at 'E:\Work\Assignment Work\Box2DPuzzleGame\OwlBox Assigment 2 Box2D\Box2D OwlPuzzleGame\Assigment 2 Box2D Game\Debug\Box2D.pdb'; linking object as if no debug info
Box2D.lib(b2MouseJoint.obj) : warning LNK4099: PDB 'Box2D.pdb' was not found with 'Box2D.lib(b2MouseJoint.obj)' or at 'E:\Work\Assignment Work\Box2DPuzzleGame\OwlBox Assigment 2 Box2D\Box2D OwlPuzzleGame\Assigment 2 Box2D Game\Debug\Box2D.pdb'; linking object as if no debug info
Box2D.lib(b2PrismaticJoint.obj) : warning LNK4099: PDB 'Box2D.pdb' was not found with 'Box2D.lib(b2PrismaticJoint.obj)' or at 'E:\Work\Assignment Work\Box2DPuzzleGame\OwlBox Assigment 2 Box2D\Box2D OwlPuzzleGame\Assigment 2 Box2D Game\Debug\Box2D.pdb'; linking object as if no debug info
Box2D.lib(b2PulleyJoint.obj) : warning LNK4099: PDB 'Box2D.pdb' was not found with 'Box2D.lib(b2PulleyJoint.obj)' or at 'E:\Work\Assignment Work\Box2DPuzzleGame\OwlBox Assigment 2 Box2D\Box2D OwlPuzzleGame\Assigment 2 Box2D Game\Debug\Box2D.pdb'; linking object as if no debug info
Box2D.lib(b2RevoluteJoint.obj) : warning LNK4099: PDB 'Box2D.pdb' was not found with 'Box2D.lib(b2RevoluteJoint.obj)' or at 'E:\Work\Assignment Work\Box2DPuzzleGame\OwlBox Assigment 2 Box2D\Box2D OwlPuzzleGame\Assigment 2 Box2D Game\Debug\Box2D.pdb'; linking object as if no debug info
Box2D.lib(b2RopeJoint.obj) : warning LNK4099: PDB 'Box2D.pdb' was not found with 'Box2D.lib(b2RopeJoint.obj)' or at 'E:\Work\Assignment Work\Box2DPuzzleGame\OwlBox Assigment 2 Box2D\Box2D OwlPuzzleGame\Assigment 2 Box2D Game\Debug\Box2D.pdb'; linking object as if no debug info
Box2D.lib(b2WeldJoint.obj) : warning LNK4099: PDB 'Box2D.pdb' was not found with 'Box2D.lib(b2WeldJoint.obj)' or at 'E:\Work\Assignment Work\Box2DPuzzleGame\OwlBox Assigment 2 Box2D\Box2D OwlPuzzleGame\Assigment 2 Box2D Game\Debug\Box2D.pdb'; linking object as if no debug info
Box2D.lib(b2WheelJoint.obj) : warning LNK4099: PDB 'Box2D.pdb' was not found with 'Box2D.lib(b2WheelJoint.obj)' or at 'E:\Work\Assignment Work\Box2DPuzzleGame\OwlBox Assigment 2 Box2D\Box2D OwlPuzzleGame\Assigment 2 Box2D Game\Debug\Box2D.pdb'; linking object as if no debug info
  Coursework 2 - starter.vcxproj -> E:\Work\Assignment Work\Box2DPuzzleGame\OwlBox Assigment 2 Box2D\Box2D OwlPuzzleGame\Assigment 2 Box2D Game\Debug\Coursework 2 - starter.exe
